2026-04-25 23:45:39,007 [INFO] Starting scan #1 for C:\Users\anton\Downloads\project_genesis\Sentinel
2026-04-25 23:45:51,653 [INFO] Completed scan #1
2026-04-25 23:46:01,665 [INFO] Starting scan #2 for C:\Users\anton\Downloads\project_genesis\Sentinel
2026-04-25 23:46:12,846 [INFO] Completed scan #2
2026-04-25 23:46:22,852 [INFO] Starting scan #3 for C:\Users\anton\Downloads\project_genesis\Sentinel
2026-04-25 23:46:35,121 [INFO] Completed scan #3
2026-04-25 23:46:45,130 [INFO] Starting scan #4 for C:\Users\anton\Downloads\project_genesis\Sentinel
2026-04-25 23:46:53,128 [INFO] Starting scan #1 for C:\Users\anton\AppData\Local\Temp\sentinel_repo_l69esiae\ladybird
2026-04-25 23:47:03,706 [INFO] Completed scan #4
2026-04-25 23:47:13,721 [INFO] Starting scan #5 for C:\Users\anton\Downloads\project_genesis\Sentinel
2026-04-25 23:47:33,855 [INFO] Completed scan #1
2026-04-25 23:47:52,017 [INFO] Completed scan #5
2026-04-25 23:48:02,030 [INFO] Starting scan #6 for C:\Users\anton\Downloads\project_genesis\Sentinel
2026-04-25 23:48:12,038 [INFO] Starting scan #7 for C:\Users\anton\Downloads\project_genesis\Sentinel
2026-04-25 23:48:22,042 [INFO] Starting scan #8 for C:\Users\anton\Downloads\project_genesis\Sentinel
2026-04-25 23:48:32,047 [INFO] Starting scan #9 for C:\Users\anton\Downloads\project_genesis\Sentinel
2026-04-25 23:48:42,054 [INFO] Starting scan #10 for C:\Users\anton\Downloads\project_genesis\Sentinel
2026-04-25 23:48:52,057 [INFO] Starting scan #11 for C:\Users\anton\Downloads\project_genesis\Sentinel
2026-04-25 23:49:02,064 [INFO] Starting scan #12 for C:\Users\anton\Downloads\project_genesis\Sentinel
2026-04-25 23:49:12,067 [INFO] Starting scan #13 for C:\Users\anton\Downloads\project_genesis\Sentinel
2026-04-25 23:49:22,082 [INFO] Starting scan #14 for C:\Users\anton\Downloads\project_genesis\Sentinel
2026-04-25 23:49:32,096 [INFO] Starting scan #15 for C:\Users\anton\Downloads\project_genesis\Sentinel
2026-04-25 23:49:42,097 [INFO] Starting scan #16 for C:\Users\anton\Downloads\project_genesis\Sentinel
2026-04-25 23:49:52,101 [INFO] Starting scan #17 for C:\Users\anton\Downloads\project_genesis\Sentinel
2026-04-25 23:50:02,109 [INFO] Starting scan #18 for C:\Users\anton\Downloads\project_genesis\Sentinel
2026-04-25 23:50:12,122 [INFO] Starting scan #19 for C:\Users\anton\Downloads\project_genesis\Sentinel
2026-04-25 23:50:22,137 [INFO] Starting scan #20 for C:\Users\anton\Downloads\project_genesis\Sentinel
2026-04-25 23:50:32,151 [INFO] Starting scan #21 for C:\Users\anton\Downloads\project_genesis\Sentinel
2026-04-25 23:50:42,162 [INFO] Starting scan #22 for C:\Users\anton\Downloads\project_genesis\Sentinel
2026-04-25 23:50:52,176 [INFO] Starting scan #23 for C:\Users\anton\Downloads\project_genesis\Sentinel
2026-04-25 23:51:02,183 [INFO] Starting scan #24 for C:\Users\anton\Downloads\project_genesis\Sentinel
2026-04-25 23:51:12,201 [INFO] Starting scan #25 for C:\Users\anton\Downloads\project_genesis\Sentinel
2026-04-25 23:51:22,213 [INFO] Starting scan #26 for C:\Users\anton\Downloads\project_genesis\Sentinel
2026-04-25 23:51:32,216 [INFO] Starting scan #27 for C:\Users\anton\Downloads\project_genesis\Sentinel
2026-04-25 23:51:32,229 [INFO] Starting scan #1 for C:\Users\anton\AppData\Local\Temp\sentinel_repo_71lv9mnr\servo
2026-04-25 23:51:54,534 [INFO] Completed scan #27
2026-04-25 23:52:04,542 [INFO] Starting scan #28 for C:\Users\anton\Downloads\project_genesis\Sentinel
2026-04-25 23:52:27,185 [INFO] Completed scan #28
2026-04-25 23:52:37,192 [INFO] Starting scan #29 for C:\Users\anton\Downloads\project_genesis\Sentinel
2026-04-25 23:52:59,584 [INFO] Completed scan #29
2026-04-25 23:53:09,601 [INFO] Starting scan #30 for C:\Users\anton\Downloads\project_genesis\Sentinel
2026-04-25 23:53:32,390 [INFO] Completed scan #30
2026-04-25 23:53:42,403 [INFO] Starting scan #31 for C:\Users\anton\Downloads\project_genesis\Sentinel
2026-04-25 23:54:05,810 [INFO] Completed scan #31
2026-04-25 23:54:15,831 [INFO] Starting scan #32 for C:\Users\anton\Downloads\project_genesis\Sentinel
2026-04-25 23:54:39,186 [INFO] Completed scan #32
2026-04-25 23:54:49,206 [INFO] Starting scan #33 for C:\Users\anton\Downloads\project_genesis\Sentinel
2026-04-25 23:55:10,595 [INFO] Completed scan #33
2026-04-25 23:55:20,612 [INFO] Starting scan #34 for C:\Users\anton\Downloads\project_genesis\Sentinel
2026-04-25 23:56:26,204 [INFO] Starting scan #1 for C:\Users\anton\AppData\Local\Temp\sentinel_repo_m4wsqxmj\godot
2026-04-26 00:01:07,211 [INFO] Starting scan #1 for C:\Users\anton\AppData\Local\Temp\sentinel_repo_o3yn__x_\tolaria
2026-04-26 00:03:44,829 [INFO] Completed scan #1
2026-04-26 00:03:51,996 [INFO] Completed scan #1
2026-04-26 00:04:07,402 [INFO] Completed scan #34
2026-04-26 00:04:17,426 [INFO] Starting scan #35 for C:\Users\anton\Downloads\project_genesis\Sentinel
2026-04-26 00:04:27,461 [INFO] Starting scan #36 for C:\Users\anton\Downloads\project_genesis\Sentinel
2026-04-26 00:04:31,473 [INFO] Completed scan #1
----------------------------------------
Exception occurred during processing of request from ('127.0.0.1', 64230)
Traceback (most recent call last):
  File "C:\Users\anton\Downloads\project_genesis\Sentinel\src\sentinel.py", line 1080, in do_POST
    result = _run_dashboard_action(dashboard_agent, request)
  File "C:\Users\anton\Downloads\project_genesis\Sentinel\src\sentinel.py", line 1480, in _run_dashboard_action
    data = analyze_repository_url(
  File "C:\Users\anton\Downloads\project_genesis\Sentinel\src\sentinel.py", line 1230, in analyze_repository_url
    scan = agent.scan_once(
  File "C:\Users\anton\Downloads\project_genesis\Sentinel\src\sentinel.py", line 232, in scan_once
    self.log.info("Completed scan #%s", self.scan_count)
  File "C:\Users\anton\AppData\Local\Programs\Python\Python310\lib\logging\__init__.py", line 1477, in info
    self._log(INFO, msg, args, **kwargs)
  File "C:\Users\anton\AppData\Local\Programs\Python\Python310\lib\logging\__init__.py", line 1624, in _log
    self.handle(record)
  File "C:\Users\anton\AppData\Local\Programs\Python\Python310\lib\logging\__init__.py", line 1634, in handle
    self.callHandlers(record)
  File "C:\Users\anton\AppData\Local\Programs\Python\Python310\lib\logging\__init__.py", line 1696, in callHandlers
    hdlr.handle(record)
  File "C:\Users\anton\AppData\Local\Programs\Python\Python310\lib\logging\__init__.py", line 968, in handle
    self.emit(record)
  File "C:\Users\anton\AppData\Local\Programs\Python\Python310\lib\logging\__init__.py", line 1216, in emit
    self.stream = self._open()
  File "C:\Users\anton\AppData\Local\Programs\Python\Python310\lib\logging\__init__.py", line 1201, in _open
    return open_func(self.baseFilename, self.mode,
FileNotFoundError: [Errno 2] No such file or directory: 'C:\\Users\\anton\\AppData\\Local\\Temp\\sentinel_repo_o3yn__x_\\tolaria\\.sentinel\\sentinel.log'

During handling of the above exception, another exception occurred:

Traceback (most recent call last):
  File "C:\Users\anton\AppData\Local\Programs\Python\Python310\lib\socketserver.py", line 683, in process_request_thread
    self.finish_request(request, client_address)
  File "C:\Users\anton\AppData\Local\Programs\Python\Python310\lib\socketserver.py", line 360, in finish_request
    self.RequestHandlerClass(request, client_address, self)
  File "C:\Users\anton\AppData\Local\Programs\Python\Python310\lib\socketserver.py", line 747, in __init__
    self.handle()
  File "C:\Users\anton\AppData\Local\Programs\Python\Python310\lib\http\server.py", line 433, in handle
    self.handle_one_request()
  File "C:\Users\anton\AppData\Local\Programs\Python\Python310\lib\http\server.py", line 421, in handle_one_request
    method()
  File "C:\Users\anton\Downloads\project_genesis\Sentinel\src\sentinel.py", line 1094, in do_POST
    self.wfile.write(payload)
  File "C:\Users\anton\AppData\Local\Programs\Python\Python310\lib\socketserver.py", line 826, in write
    self._sock.sendall(b)
ConnectionAbortedError: [WinError 10053] An established connection was aborted by the software in your host machine
----------------------------------------
2026-04-26 00:04:37,505 [INFO] Starting scan #37 for C:\Users\anton\Downloads\project_genesis\Sentinel
2026-04-26 00:04:47,506 [INFO] Starting scan #38 for C:\Users\anton\Downloads\project_genesis\Sentinel
2026-04-26 00:04:57,515 [INFO] Starting scan #39 for C:\Users\anton\Downloads\project_genesis\Sentinel
----------------------------------------
Exception occurred during processing of request from ('127.0.0.1', 52143)
Traceback (most recent call last):
  File "C:\Users\anton\Downloads\project_genesis\Sentinel\src\sentinel.py", line 1087, in do_POST
    self.wfile.write(payload)
  File "C:\Users\anton\AppData\Local\Programs\Python\Python310\lib\socketserver.py", line 826, in write
    self._sock.sendall(b)
ConnectionAbortedError: [WinError 10053] An established connection was aborted by the software in your host machine

During handling of the above exception, another exception occurred:

Traceback (most recent call last):
  File "C:\Users\anton\AppData\Local\Programs\Python\Python310\lib\socketserver.py", line 683, in process_request_thread
    self.finish_request(request, client_address)
  File "C:\Users\anton\AppData\Local\Programs\Python\Python310\lib\socketserver.py", line 360, in finish_request
    self.RequestHandlerClass(request, client_address, self)
  File "C:\Users\anton\AppData\Local\Programs\Python\Python310\lib\socketserver.py", line 747, in __init__
    self.handle()
  File "C:\Users\anton\AppData\Local\Programs\Python\Python310\lib\http\server.py", line 433, in handle
    self.handle_one_request()
  File "C:\Users\anton\AppData\Local\Programs\Python\Python310\lib\http\server.py", line 421, in handle_one_request
    method()
  File "C:\Users\anton\Downloads\project_genesis\Sentinel\src\sentinel.py", line 1093, in do_POST
    self.end_headers()
  File "C:\Users\anton\AppData\Local\Programs\Python\Python310\lib\http\server.py", line 535, in end_headers
    self.flush_headers()
  File "C:\Users\anton\AppData\Local\Programs\Python\Python310\lib\http\server.py", line 539, in flush_headers
    self.wfile.write(b"".join(self._headers_buffer))
  File "C:\Users\anton\AppData\Local\Programs\Python\Python310\lib\socketserver.py", line 826, in write
    self._sock.sendall(b)
ConnectionAbortedError: [WinError 10053] An established connection was aborted by the software in your host machine
----------------------------------------
2026-04-26 00:05:07,522 [INFO] Starting scan #40 for C:\Users\anton\Downloads\project_genesis\Sentinel
2026-04-26 00:05:17,531 [INFO] Starting scan #41 for C:\Users\anton\Downloads\project_genesis\Sentinel
